{"level":"info","message":"DB created!"}
{"level":"info","message":"Database connected"}
{"level":"info","message":"Table users created!"}
{"level":"info","message":"Table tokens created!"}
{"level":"info","message":"DB created!"}
{"level":"info","message":"Database connected"}
{"level":"info","message":"Table Videos created!"}
{"level":"info","message":"Table Radios created!"}
{"level":"info","message":"Running on PORT 3000"}
{"level":"info","message":"Database connected"}
{"level":"info","message":"Running on PORT 3000"}
{"level":"info","message":"Running on PORT 3000"}
{"level":"info","message":"Database connected"}
{"level":"info","message":"Running on PORT 3000"}
{"level":"info","message":"Database connected"}
{"level":"info","message":"Running on PORT 3000"}
{"level":"info","message":"Database connected"}
{"level":"info","message":"Running on PORT 3000"}
{"level":"info","message":"Database connected"}
{"level":"info","message":"Running on PORT 3000"}
{"level":"info","message":"Database connected"}
{"level":"info","message":"Running on PORT 3000"}
{"level":"info","message":"Database connected"}
{"level":"info","message":"Running on PORT 3000"}
{"level":"info","message":"Database connected"}
{"level":"info","message":"Running on PORT 3000"}
{"level":"info","message":"Database connected"}
{"level":"info","message":"Running on PORT 3000"}
{"level":"info","message":"Database connected"}
{"level":"info","message":"Running on PORT 3000"}
{"level":"info","message":"Database connected"}
{"level":"info","message":"Running on PORT 3000"}
{"level":"info","message":"Database connected"}
{"level":"info","message":"Running on PORT 3000"}
{"level":"info","message":"Database connected"}
{"level":"info","message":"Running on PORT 3000"}
{"level":"info","message":"Database connected"}
{"level":"info","message":"Running on PORT 3000"}
{"level":"info","message":"Database connected"}
{"level":"info","message":"Running on PORT 3000"}
{"level":"info","message":"Database connected"}
{"level":"info","message":"Running on PORT 3000"}
{"level":"info","message":"Database connected"}
{"level":"info","message":"Running on PORT 3000"}
{"level":"info","message":"Database connected"}
{"level":"info","message":"Running on PORT 3000"}
{"level":"info","message":"Database connected"}
{"level":"info","message":"Running on PORT 3000"}
{"level":"info","message":"Database connected"}
{"level":"info","message":"Running on PORT 3000"}
{"level":"info","message":"Database connected"}
{"level":"info","message":"Running on PORT 3000"}
{"level":"info","message":"Database connected"}
{"level":"info","message":"Running on PORT 3000"}
{"level":"info","message":"Database connected"}
{"level":"info","message":"Running on PORT 3000"}
{"level":"info","message":"Database connected"}
{"level":"info","message":"Running on PORT 3000"}
{"level":"info","message":"Database connected"}
{"level":"info","message":"Running on PORT 3000"}
{"level":"info","message":"Database connected"}
{"level":"info","message":"Running on PORT 3000"}
{"level":"info","message":"Database connected"}
{"level":"info","message":"Running on PORT 3000"}
{"level":"info","message":"Database connected"}
{"level":"info","message":"Running on PORT 3000"}
{"level":"info","message":"Database connected"}
{"level":"info","message":"Running on PORT 3000"}
{"level":"info","message":"Database connected"}
{"level":"info","message":"Running on PORT 3000"}
{"level":"info","message":"Database connected"}
{"level":"info","message":"Running on PORT 3000"}
{"level":"info","message":"Database connected"}
{"level":"info","message":"Running on PORT 3000"}
{"level":"info","message":"Database connected"}
{"level":"info","message":"Running on PORT 3000"}
{"level":"info","message":"Database connected"}
{"level":"info","message":"Running on PORT 3000"}
{"level":"info","message":"Database connected"}
{"level":"info","message":"Running on PORT 3000"}
{"level":"info","message":"Database connected"}
{"level":"info","message":"Running on PORT 3000"}
{"level":"info","message":"Database connected"}
{"level":"info","message":"Running on PORT 3000"}
{"level":"info","message":"Database connected"}
{"level":"info","message":"Running on PORT 3000"}
{"level":"info","message":"Database connected"}
{"level":"info","message":"Running on PORT 3000"}
{"level":"info","message":"Database connected"}
{"level":"info","message":"Running on PORT 3000"}
{"level":"info","message":"Database connected"}
{"level":"info","message":"Running on PORT 3000"}
{"level":"info","message":"Database connected"}
{"level":"info","message":"Running on PORT 3000"}
{"level":"info","message":"Database connected"}
{"level":"info","message":"Running on PORT 3000"}
{"level":"info","message":"Database connected"}
{"level":"info","message":"Running on PORT 3000"}
{"level":"info","message":"Database connected"}
{"level":"info","message":"Running on PORT 3000"}
{"level":"info","message":"Database connected"}
{"level":"info","message":"Running on PORT 3000"}
{"level":"info","message":"Database connected"}
{"level":"info","message":"Running on PORT 3000"}
{"level":"info","message":"Database connected"}
{"level":"info","message":"Running on PORT 3000"}
{"level":"info","message":"Database connected"}
{"level":"info","message":"Running on PORT 3000"}
{"level":"info","message":"Database connected"}
{"level":"info","message":"Running on PORT 3000"}
{"level":"info","message":"Database connected"}
{"level":"info","message":"Running on PORT 3000"}
{"level":"info","message":"Database connected"}
{"level":"info","message":"Running on PORT 3000"}
{"level":"info","message":"Database connected"}
{"level":"info","message":"Running on PORT 3000"}
{"level":"info","message":"Database connected"}
{"level":"info","message":"Running on PORT 3000"}
{"level":"info","message":"Database connected"}
{"level":"info","message":"Running on PORT 3000"}
{"level":"info","message":"Database connected"}
{"level":"info","message":"Running on PORT 3000"}
{"level":"info","message":"Database connected"}
{"level":"error","message":"ER_NO_SUCH_TABLE: Table 'walkincity.icons' doesn't exist"}
{"level":"info","message":"Running on PORT 3000"}
{"level":"error","message":"connect ECONNREFUSED 127.0.0.1:3306"}
{"level":"info","message":"Running on PORT 3000"}
{"level":"info","message":"Database connected"}
{"level":"info","message":"Running on PORT 3000"}
{"level":"info","message":"Database connected"}
{"level":"info","message":"Running on PORT 3000"}
{"level":"error","message":"connect ECONNREFUSED 127.0.0.1:3306"}
{"level":"info","message":"Running on PORT 3000"}
{"level":"info","message":"Database connected"}
{"level":"info","message":"Running on PORT 3000"}
{"level":"info","message":"Database connected"}
{"level":"info","message":"Running on PORT 3000"}
{"level":"info","message":"Database connected"}
{"level":"info","message":"Running on PORT 3000"}
{"level":"error","message":"connect ECONNREFUSED 127.0.0.1:3306"}
{"level":"info","message":"Running on PORT 3000"}
{"level":"info","message":"Database connected"}
{"level":"info","message":"Running on PORT 3000"}
{"level":"info","message":"Database connected"}
{"level":"info","message":"Running on PORT 3000"}
{"level":"info","message":"Database connected"}
{"level":"info","message":"Running on PORT 3000"}
{"level":"info","message":"Database connected"}
{"level":"info","message":"Running on PORT 3000"}
{"level":"info","message":"Database connected"}
{"level":"info","message":"Running on PORT 3000"}
{"level":"info","message":"Database connected"}
{"level":"info","message":"Running on PORT 3000"}
{"level":"info","message":"Database connected"}
{"level":"info","message":"Running on PORT 3000"}
{"level":"info","message":"Database connected"}
{"level":"info","message":"Running on PORT 3000"}
{"level":"info","message":"Database connected"}
{"level":"info","message":"Running on PORT 3000"}
{"level":"info","message":"Database connected"}
{"level":"info","message":"Running on PORT 3000"}
{"level":"info","message":"Database connected"}
{"level":"info","message":"Running on PORT 3000"}
{"level":"info","message":"Database connected"}
{"level":"info","message":"Running on PORT 3000"}
{"level":"info","message":"Database connected"}
{"level":"info","message":"Running on PORT 3000"}
{"level":"info","message":"Database connected"}
{"level":"info","message":"Running on PORT 3000"}
{"level":"info","message":"Database connected"}
{"level":"info","message":"Running on PORT 3000"}
{"level":"info","message":"Database connected"}
{"level":"info","message":"Running on PORT 3000"}
{"level":"info","message":"Database connected"}
{"level":"info","message":"Running on PORT 3000"}
{"level":"info","message":"Database connected"}
{"level":"info","message":"Running on PORT 3000"}
{"level":"info","message":"Database connected"}
{"level":"info","message":"Europe"}
{"level":"info","message":"Running on PORT 3000"}
{"level":"info","message":"Database connected"}
{"level":"info","message":"Running on PORT 3000"}
{"level":"info","message":"Database connected"}
{"level":"info","message":"Europe"}
{"level":"info","message":"Running on PORT 3000"}
{"level":"info","message":"Database connected"}
{"level":"info","message":"Running on PORT 3000"}
{"level":"info","message":"Database connected"}
{"level":"info","message":"Running on PORT 3000"}
{"level":"info","message":"Database connected"}
{"level":"info","message":"Running on PORT 3000"}
{"level":"info","message":"Database connected"}
{"level":"info","message":"Running on PORT 3000"}
{"level":"info","message":"Database connected"}
{"level":"info","message":"Running on PORT 3000"}
{"level":"info","message":"Database connected"}
{"level":"info","message":"Running on PORT 3000"}
{"level":"info","message":"Database connected"}
{"level":"info","message":"Running on PORT 3000"}
{"level":"info","message":"Database connected"}
{"level":"info","message":"Running on PORT 3000"}
{"level":"info","message":"Database connected"}
{"level":"info","message":"Running on PORT 3000"}
{"level":"info","message":"Database connected"}
{"level":"info","message":"Running on PORT 3000"}
{"level":"info","message":"Database connected"}
{"level":"error","message":"ER_PARSE_ERROR: You have an error in your SQL syntax; check the manual that corresponds to your MariaDB server version for the right syntax to use near '?' at line 1"}
{"level":"info","message":"Running on PORT 3000"}
{"level":"info","message":"Database connected"}
{"level":"info","message":"Running on PORT 3000"}
{"level":"info","message":"Database connected"}
{"level":"info","message":"Running on PORT 3000"}
{"level":"info","message":"Database connected"}
{"level":"info","message":"Running on PORT 3000"}
{"level":"info","message":"Database connected"}
{"level":"info","message":"Running on PORT 3000"}
{"level":"info","message":"Database connected"}
{"level":"info","message":"Running on PORT 3000"}
{"level":"info","message":"Database connected"}
{"level":"info","message":"Running on PORT 3000"}
{"level":"info","message":"Database connected"}
{"level":"info","message":"Running on PORT 3000"}
{"level":"info","message":"Database connected"}
{"level":"info","message":"Running on PORT 3000"}
{"level":"info","message":"Database connected"}
{"level":"info","message":"Running on PORT 3000"}
{"level":"info","message":"Database connected"}
{"level":"info","message":"Running on PORT 3000"}
{"level":"info","message":"Database connected"}
{"level":"info","message":"Running on PORT 3000"}
{"level":"info","message":"Database connected"}
{"level":"info","message":"Running on PORT 3000"}
{"level":"info","message":"Database connected"}
{"level":"info","message":"Running on PORT 3000"}
{"level":"info","message":"Database connected"}
{"level":"info","message":"Running on PORT 3000"}
{"level":"info","message":"Database connected"}
{"level":"info","message":"Running on PORT 3000"}
{"level":"info","message":"Database connected"}
{"level":"info","message":"Running on PORT 3000"}
{"level":"info","message":"Database connected"}
{"level":"info","message":"Running on PORT 3000"}
{"level":"info","message":"Database connected"}
{"level":"info","message":"Running on PORT 3000"}
{"level":"info","message":"Database connected"}
{"level":"info","message":"Running on PORT 3000"}
{"level":"info","message":"Database connected"}
{"level":"info","message":"Running on PORT 3000"}
{"level":"info","message":"Database connected"}
{"level":"info","message":"Running on PORT 3000"}
{"level":"info","message":"Database connected"}
{"level":"info","message":"Running on PORT 3000"}
{"level":"info","message":"Database connected"}
{"level":"info","message":"Running on PORT 3000"}
{"level":"info","message":"Database connected"}
{"level":"info","message":"Running on PORT 3000"}
{"level":"info","message":"Database connected"}
{"level":"info","message":"Running on PORT 3000"}
{"level":"info","message":"Database connected"}
{"level":"info","message":"Running on PORT 3000"}
{"level":"info","message":"Database connected"}
{"level":"info","message":"Running on PORT 3000"}
{"level":"info","message":"Database connected"}
{"level":"info","message":"Running on PORT 3000"}
{"level":"info","message":"Database connected"}
{"level":"info","message":"Running on PORT 3000"}
{"level":"info","message":"Database connected"}
{"level":"info","message":"Running on PORT 3000"}
{"level":"info","message":"Database connected"}
{"level":"info","message":"Running on PORT 3000"}
{"level":"info","message":"Database connected"}
{"level":"info","message":"Running on PORT 3000"}
{"level":"info","message":"Database connected"}
{"level":"info","message":"Running on PORT 3000"}
{"level":"info","message":"Database connected"}
{"level":"info","message":"Running on PORT 3000"}
{"level":"info","message":"Database connected"}
{"level":"info","message":"Running on PORT 3000"}
{"level":"info","message":"Database connected"}
{"level":"info","message":"Running on PORT 3000"}
{"level":"info","message":"Database connected"}
{"level":"info","message":"Running on PORT 3000"}
{"level":"info","message":"Database connected"}
{"level":"info","message":"Running on PORT 3000"}
{"level":"info","message":"Database connected"}
{"level":"info","message":"Running on PORT 3000"}
{"level":"info","message":"Database connected"}
{"level":"info","message":"Running on PORT 3000"}
{"level":"error","message":"connect ECONNREFUSED 127.0.0.1:3306"}
{"level":"info","message":"Running on PORT 3000"}
{"level":"info","message":"Database connected"}
{"level":"info","message":"Running on PORT 3000"}
{"level":"info","message":"Database connected"}
{"level":"info","message":"Running on PORT 3000"}
{"level":"info","message":"Database connected"}
